<?xml version="1.0" encoding="UTF-8"?>
<!-- Generated by org.testng.reporters.JUnitXMLReporter -->
<testsuite ignored="0" hostname="Dell" failures="0" tests="6" name="Surefire test" time="25.684" errors="0" timestamp="22 Jul 2021 17:20:39 GMT">
  <testcase classname="com.learning.sumit.bankApplication.controller.BankRestControllerMockTest" name="controllerTest on controllerTest(com.learning.sumit.bankApplication.controller.BankRestControllerMockTest)" time="0.11"/>
  <testcase classname="com.learning.sumit.bankApplication.controller.BankRestControllerTest" name="controllerTest on controllerTest(com.learning.sumit.bankApplication.controller.BankRestControllerTest)" time="22.293"/>
  <testcase classname="com.learning.sumit.bankApplication.service.UserServiceMockTest" name="testCreateAccount on testCreateAccount(com.learning.sumit.bankApplication.service.UserServiceMockTest)" time="0.015"/>
  <testcase classname="com.learning.sumit.bankApplication.service.UserServiceTest" name="testCreateAccount on testCreateAccount(com.learning.sumit.bankApplication.service.UserServiceTest)" time="0.078"/>
  <testcase classname="com.learning.sumit.bankApplication.service.UserServiceTest" name="testDepositWithdraw on testDepositWithdraw(com.learning.sumit.bankApplication.service.UserServiceTest)" time="0.141"/>
  <testcase classname="com.learning.sumit.bankApplication.service.UserServiceTest" name="testNegativeFlow on testNegativeFlow(com.learning.sumit.bankApplication.service.UserServiceTest)" time="0.156"/>
</testsuite> <!-- Surefire test -->
