<?xml version="1.0" encoding="UTF-8"?>
<testng-results ignored="0" total="1" passed="1" failed="0" skipped="0">
  <reporter-output>
  </reporter-output>
  <suite started-at="2021-07-22T17:20:11Z" name="Surefire suite" finished-at="2021-07-22T17:20:13Z" duration-ms="2641">
    <groups>
    </groups>
    <test started-at="2021-07-22T17:20:11Z" name="Surefire test" finished-at="2021-07-22T17:20:13Z" duration-ms="2641">
      <class name="com.learning.sumit.bankApplication.service.UserServiceTestNgTest">
        <test-method is-config="true" signature="setup()[pri:0, instance:com.learning.sumit.bankApplication.service.UserServiceTestNgTest@58c1c010]" started-at="2021-07-22T22:50:11Z" name="setup" finished-at="2021-07-22T22:50:13Z" duration-ms="2484" status="PASS">
          <reporter-output>
          </reporter-output>
        </test-method> <!-- setup -->
        <test-method signature="testCreateAccount()[pri:0, instance:com.learning.sumit.bankApplication.service.UserServiceTestNgTest@58c1c010]" started-at="2021-07-22T22:50:13Z" name="testCreateAccount" finished-at="2021-07-22T22:50:13Z" duration-ms="125" status="PASS">
          <reporter-output>
          </reporter-output>
        </test-method> <!-- testCreateAccount -->
      </class> <!-- com.learning.sumit.bankApplication.service.UserServiceTestNgTest -->
    </test> <!-- Surefire test -->
  </suite> <!-- Surefire suite -->
</testng-results>
