<?xml version="1.0" encoding="UTF-8"?>
<testsuite xmlns:xsi="http://www.w3.org/2001/XMLSchema-instance" xsi:noNamespaceSchemaLocation="https://maven.apache.org/surefire/maven-surefire-plugin/xsd/surefire-test-report.xsd" name="TestSuite" time="30.278" tests="7" errors="0" skipped="0" failures="0">
  <properties>
[...]
</properties>
  <testcase name="testCreateAccount" classname="com.learning.sumit.bankApplication.service.UserServiceTestNgTest" time="0.109"/>
  <testcase name="controllerTest on controllerTest(com.learning.sumit.bankApplication.controller.BankRestControllerMockTest)" classname="com.learning.sumit.bankApplication.controller.BankRestControllerMockTest" time="0.063"/>
  <testcase name="controllerTest on controllerTest(com.learning.sumit.bankApplication.controller.BankRestControllerTest)" classname="com.learning.sumit.bankApplication.controller.BankRestControllerTest" time="0.937"/>
  <testcase name="testCreateAccount on testCreateAccount(com.learning.sumit.bankApplication.service.UserServiceMockTest)" classname="com.learning.sumit.bankApplication.service.UserServiceMockTest" time="0.031"/>
  <testcase name="testCreateAccount on testCreateAccount(com.learning.sumit.bankApplication.service.UserServiceTest)" classname="com.learning.sumit.bankApplication.service.UserServiceTest" time="0.266"/>
  <testcase name="testDepositWithdraw on testDepositWithdraw(com.learning.sumit.bankApplication.service.UserServiceTest)" classname="com.learning.sumit.bankApplication.service.UserServiceTest" time="0.187"/>
  <testcase name="testNegativeFlow on testNegativeFlow(com.learning.sumit.bankApplication.service.UserServiceTest)" classname="com.learning.sumit.bankApplication.service.UserServiceTest" time="0.188"/>
</testsuite>