<?xml version="1.0" encoding="UTF-8"?>
<testng-results ignored="0" total="6" passed="6" failed="0" skipped="0">
  <reporter-output>
  </reporter-output>
  <suite started-at="2021-07-22T17:20:14Z" name="Surefire suite" finished-at="2021-07-22T17:20:39Z" duration-ms="25684">
    <groups>
    </groups>
    <test started-at="2021-07-22T17:20:14Z" name="Surefire test" finished-at="2021-07-22T17:20:39Z" duration-ms="25684">
      <class name="com.learning.sumit.bankApplication.controller.BankRestControllerTest">
        <test-method signature="controllerTest() throws java.lang.Exception" started-at="2021-07-22T22:50:17Z" name="controllerTest" finished-at="2021-07-22T22:50:39Z" duration-ms="22293" status="PASS">
          <reporter-output>
          </reporter-output>
        </test-method> <!-- controllerTest -->
      </class> <!-- com.learning.sumit.bankApplication.controller.BankRestControllerTest -->
      <class name="com.learning.sumit.bankApplication.service.UserServiceTest">
        <test-method signature="testDepositWithdraw() throws java.lang.Exception" started-at="2021-07-22T22:50:39Z" name="testDepositWithdraw" finished-at="2021-07-22T22:50:39Z" duration-ms="141" status="PASS">
          <reporter-output>
          </reporter-output>
        </test-method> <!-- testDepositWithdraw -->
        <test-method signature="testCreateAccount() throws java.lang.InterruptedException" started-at="2021-07-22T22:50:39Z" name="testCreateAccount" finished-at="2021-07-22T22:50:39Z" duration-ms="78" status="PASS">
          <reporter-output>
          </reporter-output>
        </test-method> <!-- testCreateAccount -->
        <test-method signature="testNegativeFlow() throws java.lang.Exception" started-at="2021-07-22T22:50:39Z" name="testNegativeFlow" finished-at="2021-07-22T22:50:39Z" duration-ms="156" status="PASS">
          <reporter-output>
          </reporter-output>
        </test-method> <!-- testNegativeFlow -->
      </class> <!-- com.learning.sumit.bankApplication.service.UserServiceTest -->
      <class name="com.learning.sumit.bankApplication.service.UserServiceMockTest">
        <test-method signature="testCreateAccount() throws java.lang.InterruptedException" started-at="2021-07-22T22:50:39Z" name="testCreateAccount" finished-at="2021-07-22T22:50:39Z" duration-ms="15" status="PASS">
          <reporter-output>
          </reporter-output>
        </test-method> <!-- testCreateAccount -->
      </class> <!-- com.learning.sumit.bankApplication.service.UserServiceMockTest -->
      <class name="com.learning.sumit.bankApplication.controller.BankRestControllerMockTest">
        <test-method signature="controllerTest() throws java.lang.Exception" started-at="2021-07-22T22:50:14Z" name="controllerTest" finished-at="2021-07-22T22:50:14Z" duration-ms="110" status="PASS">
          <reporter-output>
          </reporter-output>
        </test-method> <!-- controllerTest -->
      </class> <!-- com.learning.sumit.bankApplication.controller.BankRestControllerMockTest -->
    </test> <!-- Surefire test -->
  </suite> <!-- Surefire suite -->
</testng-results>
